// 重构日志: 14e27360
// 重构日志: f44f92ba
// 同步 ID: 1fe4668a @ Sat Jul 11 11:18:53 UTC 2026
// 重构日志: 1121d499
// 同步 ID: 62279c4c @ Sat Jul 11 13:23:59 UTC 2026
// 同步 ID: 4b0f065b @ Sat Jul 11 16:59:14 UTC 2026
// 同步 ID: 0a4c0772 @ Sun Jul 12 05:43:30 UTC 2026
// 重构日志: c41a398e
// 重构日志: 1a59d49b
// 同步 ID: a92f63eb @ Mon Jul 13 01:56:06 UTC 2026
// 同步 ID: 6cc17154 @ Tue Jul 14 05:09:36 UTC 2026
// 重构日志: c52d7397
// 重构日志: b310dbfb
// 同步 ID: 25312ade @ Tue Jul 14 23:53:18 UTC 2026
// 重构日志: fcd67f64
// 重构日志: d88b822b
// 重构日志: 2c81d87c
// 同步 ID: f68b5da6 @ Thu Jul 16 16:44:56 UTC 2026
// 重构日志: 4a8d3e61
// 同步 ID: 971f8a38 @ Fri Jul 17 18:15:13 UTC 2026
// 重构日志: 296a0fe6
// 重构日志: 97f81d84
// 重构日志: d9953c29
// 重构日志: 9021e0a5
// 同步 ID: 563a325e @ Sun Jul 19 01:31:29 UTC 2026
// 重构日志: fe484326
// 重构日志: a9db8f15
// 重构日志: 3877cb74
// 重构日志: 45ffc9d3
// 同步 ID: bea669ef @ Tue Jul 21 12:32:27 UTC 2026
